{"level":"info","message":"Server running on port 3000","timestamp":"2024-11-19T19:46:28.242Z"}
{"level":"info","message":"Server running on port 3000","timestamp":"2024-11-19T19:47:27.565Z"}
{"level":"info","message":"Server running on port 3000","timestamp":"2024-11-19T19:48:49.965Z"}
{"level":"info","message":"Server running on port 3000","timestamp":"2024-11-19T19:49:04.301Z"}
{"level":"info","message":"Server running on port 3000","timestamp":"2024-11-19T19:49:51.799Z"}
{"level":"info","message":"Server running on port undefined","timestamp":"2024-11-19T19:50:23.199Z"}
{"level":"info","message":"Server running on port 3013","timestamp":"2024-11-19T19:50:48.181Z"}
{"level":"info","message":"Server running on port 3013","timestamp":"2024-11-19T19:50:55.513Z"}
{"level":"info","message":"Server running on port 3013","timestamp":"2024-11-19T19:50:58.235Z"}
{"level":"info","message":"Server running on port 3013","timestamp":"2024-11-19T19:50:59.569Z"}
{"level":"info","message":"Server running on port 3013","timestamp":"2024-11-19T19:51:00.202Z"}
{"level":"info","message":"Server running on port 3013","timestamp":"2024-12-09T17:46:33.534Z"}
{"level":"info","message":"Server running on port 3013","timestamp":"2024-12-09T17:46:34.201Z"}
{"level":"info","message":"[2024-12-09T17:47:36.325Z] GET /","timestamp":"2024-12-09T17:47:36.325Z"}
{"level":"info","message":"::1 - - [09/Dec/2024:17:47:36 +0000] \"GET / HTTP/1.1\" 404 139 \"-\" \"Mozilla/5.0 (Windows NT 10.0; Win64; x64) AppleWebKit/537.36 (KHTML, like Gecko) Chrome/131.0.0.0 Safari/537.36 Edg/131.0.0.0\"","timestamp":"2024-12-09T17:47:36.334Z"}
{"level":"info","message":"Server running on port 3000","timestamp":"2024-12-09T18:02:43.748Z"}
{"level":"info","message":"[2024-12-09T18:03:07.709Z] GET /items","timestamp":"2024-12-09T18:03:07.709Z"}
{"level":"info","message":"::1 - - [09/Dec/2024:18:03:07 +0000] \"GET /items HTTP/1.1\" 404 144 \"-\" \"Mozilla/5.0 (Windows NT 10.0; Win64; x64) AppleWebKit/537.36 (KHTML, like Gecko) Chrome/131.0.0.0 Safari/537.36 Edg/131.0.0.0\"","timestamp":"2024-12-09T18:03:07.719Z"}
{"level":"info","message":"[2024-12-09T18:03:30.807Z] GET /","timestamp":"2024-12-09T18:03:30.807Z"}
{"level":"info","message":"::1 - - [09/Dec/2024:18:03:30 +0000] \"GET / HTTP/1.1\" 404 139 \"-\" \"Mozilla/5.0 (Windows NT 10.0; Win64; x64) AppleWebKit/537.36 (KHTML, like Gecko) Chrome/131.0.0.0 Safari/537.36 Edg/131.0.0.0\"","timestamp":"2024-12-09T18:03:30.808Z"}
{"level":"info","message":"Server running on port 3000","timestamp":"2024-12-09T18:04:42.897Z"}
{"level":"info","message":"Server running on port 3000","timestamp":"2024-12-09T18:05:00.644Z"}
{"level":"info","message":"[2024-12-09T18:05:32.740Z] GET /","timestamp":"2024-12-09T18:05:32.740Z"}
{"level":"info","message":"::1 - - [09/Dec/2024:18:05:32 +0000] \"GET / HTTP/1.1\" 404 139 \"-\" \"Mozilla/5.0 (Windows NT 10.0; Win64; x64) AppleWebKit/537.36 (KHTML, like Gecko) Chrome/131.0.0.0 Safari/537.36 Edg/131.0.0.0\"","timestamp":"2024-12-09T18:05:32.746Z"}
{"level":"info","message":"Server running on port 3000","timestamp":"2024-12-09T18:12:15.609Z"}
{"level":"info","message":"Server running on port 3013","timestamp":"2024-12-09T18:15:04.289Z"}
{"level":"info","message":"[2024-12-09T18:15:14.568Z] POST /notes/create","timestamp":"2024-12-09T18:15:14.568Z"}
{"level":"info","message":"::1 - - [09/Dec/2024:18:15:14 +0000] \"POST /notes/create HTTP/1.1\" 200 11 \"-\" \"PostmanRuntime/7.42.0\"","timestamp":"2024-12-09T18:15:14.847Z"}
{"level":"info","message":"Server running on port 3013","timestamp":"2024-12-09T18:15:15.760Z"}
{"level":"info","message":"Server running on port undefined","timestamp":"2024-12-10T09:24:34.145Z"}
{"level":"info","message":"Server running on port undefined","timestamp":"2024-12-10T09:24:34.905Z"}
{"level":"info","message":"Server running on port undefined","timestamp":"2024-12-10T09:24:51.827Z"}
{"level":"info","message":"Server running on port 3013","timestamp":"2024-12-10T09:25:30.405Z"}
{"level":"info","message":"[2024-12-10T09:26:51.258Z] POST /notes/create","timestamp":"2024-12-10T09:26:51.258Z"}
{"level":"info","message":"::1 - - [10/Dec/2024:09:26:51 +0000] \"POST /notes/create HTTP/1.1\" 200 11 \"-\" \"PostmanRuntime/7.43.0\"","timestamp":"2024-12-10T09:26:51.504Z"}
{"level":"info","message":"Server running on port 3013","timestamp":"2024-12-10T09:26:52.868Z"}
{"level":"info","message":"[2024-12-10T09:27:15.499Z] POST /notes/create","timestamp":"2024-12-10T09:27:15.499Z"}
{"level":"info","message":"::1 - - [10/Dec/2024:09:27:15 +0000] \"POST /notes/create HTTP/1.1\" 200 11 \"-\" \"PostmanRuntime/7.43.0\"","timestamp":"2024-12-10T09:27:15.537Z"}
{"level":"info","message":"[2024-12-10T09:28:48.081Z] PUT /notes/edit","timestamp":"2024-12-10T09:28:48.081Z"}
{"level":"info","message":"::1 - - [10/Dec/2024:09:28:48 +0000] \"PUT /notes/edit HTTP/1.1\" 200 12 \"-\" \"PostmanRuntime/7.43.0\"","timestamp":"2024-12-10T09:28:48.088Z"}
{"level":"info","message":"[2024-12-10T09:30:26.624Z] DELETE /notes/delete","timestamp":"2024-12-10T09:30:26.624Z"}
{"level":"info","message":"::1 - - [10/Dec/2024:09:30:26 +0000] \"DELETE /notes/delete HTTP/1.1\" 200 14 \"-\" \"PostmanRuntime/7.43.0\"","timestamp":"2024-12-10T09:30:26.628Z"}
{"level":"info","message":"Server running on port 3013","timestamp":"2024-12-10T09:56:07.142Z"}
{"level":"info","message":"[2024-12-10T09:57:04.914Z] POST /auth/login","timestamp":"2024-12-10T09:57:04.914Z"}
{"level":"info","message":"::1 - - [10/Dec/2024:09:57:05 +0000] \"POST /auth/login HTTP/1.1\" 200 165 \"-\" \"PostmanRuntime/7.43.0\"","timestamp":"2024-12-10T09:57:05.340Z"}
{"level":"info","message":"[2024-12-10T10:02:44.907Z] POST /notes/create","timestamp":"2024-12-10T10:02:44.907Z"}
{"level":"info","message":"::1 - - [10/Dec/2024:10:02:44 +0000] \"POST /notes/create HTTP/1.1\" 401 12 \"-\" \"PostmanRuntime/7.43.0\"","timestamp":"2024-12-10T10:02:44.912Z"}
{"level":"info","message":"[2024-12-10T10:03:35.302Z] POST /notes/create","timestamp":"2024-12-10T10:03:35.302Z"}
{"level":"info","message":"::1 - - [10/Dec/2024:10:03:35 +0000] \"POST /notes/create HTTP/1.1\" 200 11 \"-\" \"PostmanRuntime/7.43.0\"","timestamp":"2024-12-10T10:03:35.316Z"}
{"level":"info","message":"Server running on port 3013","timestamp":"2024-12-10T10:21:16.284Z"}
{"level":"info","message":"[2024-12-10T10:24:15.949Z] GET /notes?sortBy=title&order=asc&filter=test&page=1&limit=10","timestamp":"2024-12-10T10:24:15.949Z"}
{"level":"info","message":"::1 - - [10/Dec/2024:10:24:15 +0000] \"GET /notes?sortBy=title&order=asc&filter=test&page=1&limit=10 HTTP/1.1\" 403 9 \"-\" \"PostmanRuntime/7.43.0\"","timestamp":"2024-12-10T10:24:15.963Z"}
{"level":"info","message":"[2024-12-10T10:24:29.088Z] GET /notes?sortBy=title&order=asc&filter=test&page=1&limit=10","timestamp":"2024-12-10T10:24:29.088Z"}
{"level":"info","message":"::1 - - [10/Dec/2024:10:24:29 +0000] \"GET /notes?sortBy=title&order=asc&filter=test&page=1&limit=10 HTTP/1.1\" 403 9 \"-\" \"PostmanRuntime/7.43.0\"","timestamp":"2024-12-10T10:24:29.090Z"}
{"level":"info","message":"[2024-12-10T10:27:44.095Z] POST /notes/create","timestamp":"2024-12-10T10:27:44.095Z"}
{"level":"error","message":"Error procesando POST /notes/create: Bad control character in string literal in JSON at position 225","stack":"SyntaxError: Bad control character in string literal in JSON at position 225\n    at JSON.parse (<anonymous>)\n    at parse (C:\\Users\\sebas\\OneDrive\\Escritorio\\DAWES\\21-pagination\\node_modules\\body-parser\\lib\\types\\json.js:92:19)\n    at C:\\Users\\sebas\\OneDrive\\Escritorio\\DAWES\\21-pagination\\node_modules\\body-parser\\lib\\read.js:128:18\n    at AsyncResource.runInAsyncScope (node:async_hooks:206:9)\n    at invokeCallback (C:\\Users\\sebas\\OneDrive\\Escritorio\\DAWES\\21-pagination\\node_modules\\raw-body\\index.js:238:16)\n    at done (C:\\Users\\sebas\\OneDrive\\Escritorio\\DAWES\\21-pagination\\node_modules\\raw-body\\index.js:227:7)\n    at IncomingMessage.onEnd (C:\\Users\\sebas\\OneDrive\\Escritorio\\DAWES\\21-pagination\\node_modules\\raw-body\\index.js:287:7)\n    at IncomingMessage.emit (node:events:519:28)\n    at endReadableNT (node:internal/streams/readable:1696:12)\n    at process.processTicksAndRejections (node:internal/process/task_queues:82:21)","timestamp":"2024-12-10T10:27:44.445Z"}
{"level":"info","message":"::1 - - [10/Dec/2024:10:27:44 +0000] \"POST /notes/create HTTP/1.1\" 500 16 \"-\" \"PostmanRuntime/7.43.0\"","timestamp":"2024-12-10T10:27:44.449Z"}
{"level":"info","message":"[2024-12-10T10:28:06.239Z] POST /notes/create","timestamp":"2024-12-10T10:28:06.239Z"}
{"level":"info","message":"::1 - - [10/Dec/2024:10:28:06 +0000] \"POST /notes/create HTTP/1.1\" 200 11 \"-\" \"PostmanRuntime/7.43.0\"","timestamp":"2024-12-10T10:28:06.258Z"}
{"level":"info","message":"[2024-12-10T10:28:54.670Z] POST /notes/create","timestamp":"2024-12-10T10:28:54.670Z"}
{"level":"info","message":"::1 - - [10/Dec/2024:10:28:54 +0000] \"POST /notes/create HTTP/1.1\" 200 11 \"-\" \"PostmanRuntime/7.43.0\"","timestamp":"2024-12-10T10:28:54.680Z"}
{"level":"info","message":"[2024-12-10T10:29:18.571Z] GET /notes?sortBy=title&order=asc&filter=test&page=1&limit=10","timestamp":"2024-12-10T10:29:18.571Z"}
{"level":"info","message":"::1 - - [10/Dec/2024:10:29:18 +0000] \"GET /notes?sortBy=title&order=asc&filter=test&page=1&limit=10 HTTP/1.1\" 403 9 \"-\" \"PostmanRuntime/7.43.0\"","timestamp":"2024-12-10T10:29:18.574Z"}
{"level":"info","message":"[2024-12-10T10:30:34.742Z] GET /notes?sortBy=title&limit=10","timestamp":"2024-12-10T10:30:34.742Z"}
{"level":"info","message":"::1 - - [10/Dec/2024:10:30:34 +0000] \"GET /notes?sortBy=title&limit=10 HTTP/1.1\" 403 9 \"-\" \"PostmanRuntime/7.43.0\"","timestamp":"2024-12-10T10:30:34.744Z"}
{"level":"info","message":"[2024-12-10T10:30:45.027Z] GET /notes?limit=200","timestamp":"2024-12-10T10:30:45.027Z"}
{"level":"info","message":"::1 - - [10/Dec/2024:10:30:45 +0000] \"GET /notes?limit=200 HTTP/1.1\" 403 9 \"-\" \"PostmanRuntime/7.43.0\"","timestamp":"2024-12-10T10:30:45.028Z"}
{"level":"info","message":"Server running on port 3013","timestamp":"2024-12-10T10:33:39.485Z"}
{"level":"info","message":"Server running on port 3013","timestamp":"2024-12-10T10:33:54.053Z"}
{"level":"info","message":"[2024-12-10T10:34:23.941Z] POST /auth/login","timestamp":"2024-12-10T10:34:23.941Z"}
{"level":"info","message":"::1 - - [10/Dec/2024:10:34:24 +0000] \"POST /auth/login HTTP/1.1\" 200 165 \"-\" \"PostmanRuntime/7.43.0\"","timestamp":"2024-12-10T10:34:24.154Z"}
{"level":"info","message":"[2024-12-10T10:35:43.965Z] GET /notes?sortBy=title&order=asc&filter=test&page=1&limit=200","timestamp":"2024-12-10T10:35:43.965Z"}
{"level":"info","message":"::1 - - [10/Dec/2024:10:35:43 +0000] \"GET /notes?sortBy=title&order=asc&filter=test&page=1&limit=200 HTTP/1.1\" 403 9 \"-\" \"PostmanRuntime/7.43.0\"","timestamp":"2024-12-10T10:35:43.968Z"}
{"level":"info","message":"Server running on port 3013","timestamp":"2024-12-10T10:36:43.318Z"}
{"level":"info","message":"Server running on port 3013","timestamp":"2024-12-10T10:36:54.894Z"}
{"level":"info","message":"Server running on port 3013","timestamp":"2024-12-10T10:37:07.858Z"}
{"level":"info","message":"Server running on port 3013","timestamp":"2024-12-10T10:37:19.507Z"}
{"level":"info","message":"[2024-12-10T10:37:38.731Z] POST /auth/login","timestamp":"2024-12-10T10:37:38.731Z"}
{"level":"error","message":"Error procesando POST /auth/login: bcrypt is not defined","stack":"ReferenceError: bcrypt is not defined\n    at authenticateAdmin (file:///C:/Users/sebas/OneDrive/Escritorio/DAWES/21-pagination/src/middlewares/authMiddleware.js:26:28)\n    at Layer.handle [as handle_request] (C:\\Users\\sebas\\OneDrive\\Escritorio\\DAWES\\21-pagination\\node_modules\\express\\lib\\router\\layer.js:95:5)\n    at next (C:\\Users\\sebas\\OneDrive\\Escritorio\\DAWES\\21-pagination\\node_modules\\express\\lib\\router\\route.js:149:13)\n    at Route.dispatch (C:\\Users\\sebas\\OneDrive\\Escritorio\\DAWES\\21-pagination\\node_modules\\express\\lib\\router\\route.js:119:3)\n    at Layer.handle [as handle_request] (C:\\Users\\sebas\\OneDrive\\Escritorio\\DAWES\\21-pagination\\node_modules\\express\\lib\\router\\layer.js:95:5)\n    at C:\\Users\\sebas\\OneDrive\\Escritorio\\DAWES\\21-pagination\\node_modules\\express\\lib\\router\\index.js:284:15\n    at Function.process_params (C:\\Users\\sebas\\OneDrive\\Escritorio\\DAWES\\21-pagination\\node_modules\\express\\lib\\router\\index.js:346:12)\n    at next (C:\\Users\\sebas\\OneDrive\\Escritorio\\DAWES\\21-pagination\\node_modules\\express\\lib\\router\\index.js:280:10)\n    at Function.handle (C:\\Users\\sebas\\OneDrive\\Escritorio\\DAWES\\21-pagination\\node_modules\\express\\lib\\router\\index.js:175:3)\n    at router (C:\\Users\\sebas\\OneDrive\\Escritorio\\DAWES\\21-pagination\\node_modules\\express\\lib\\router\\index.js:47:12)","timestamp":"2024-12-10T10:37:38.755Z"}
{"level":"info","message":"::1 - - [10/Dec/2024:10:37:38 +0000] \"POST /auth/login HTTP/1.1\" 500 16 \"-\" \"PostmanRuntime/7.43.0\"","timestamp":"2024-12-10T10:37:38.765Z"}
{"level":"info","message":"Server running on port 3013","timestamp":"2024-12-10T10:38:00.707Z"}
{"level":"info","message":"[2024-12-10T10:38:02.849Z] POST /auth/login","timestamp":"2024-12-10T10:38:02.849Z"}
{"level":"info","message":"::1 - - [10/Dec/2024:10:38:03 +0000] \"POST /auth/login HTTP/1.1\" 200 165 \"-\" \"PostmanRuntime/7.43.0\"","timestamp":"2024-12-10T10:38:03.053Z"}
{"level":"info","message":"[2024-12-10T10:38:27.930Z] GET /notes?sortBy=title&order=asc&filter=test&page=1&limit=200","timestamp":"2024-12-10T10:38:27.930Z"}
{"level":"info","message":"::1 - - [10/Dec/2024:10:38:27 +0000] \"GET /notes?sortBy=title&order=asc&filter=test&page=1&limit=200 HTTP/1.1\" 403 9 \"-\" \"PostmanRuntime/7.43.0\"","timestamp":"2024-12-10T10:38:27.936Z"}
{"level":"info","message":"Server running on port 3013","timestamp":"2024-12-10T10:40:15.817Z"}
{"level":"info","message":"Server running on port 3013","timestamp":"2024-12-10T10:40:26.613Z"}
{"level":"info","message":"Server running on port 3013","timestamp":"2024-12-10T10:40:36.914Z"}
{"level":"info","message":"[2024-12-10T10:40:42.222Z] POST /auth/login","timestamp":"2024-12-10T10:40:42.222Z"}
{"level":"info","message":"::1 - - [10/Dec/2024:10:40:42 +0000] \"POST /auth/login HTTP/1.1\" 200 165 \"-\" \"PostmanRuntime/7.43.0\"","timestamp":"2024-12-10T10:40:42.556Z"}
{"level":"info","message":"[2024-12-10T10:42:21.691Z] GET /notes?sortBy=title&order=asc&filter=test&page=1&limit=200","timestamp":"2024-12-10T10:42:21.691Z"}
{"level":"error","message":"Error procesando GET /notes?sortBy=title&order=asc&filter=test&page=1&limit=200: Unexpected token 'E', \"El MVC ESTA CREADO\" is not valid JSON","stack":"SyntaxError: Unexpected token 'E', \"El MVC ESTA CREADO\" is not valid JSON\n    at JSON.parse (<anonymous>)\n    at file:///C:/Users/sebas/OneDrive/Escritorio/DAWES/21-pagination/src/models/noteModel.js:50:35\n    at Array.map (<anonymous>)\n    at getAllNotes (file:///C:/Users/sebas/OneDrive/Escritorio/DAWES/21-pagination/src/models/noteModel.js:50:18)\n    at getNotes (file:///C:/Users/sebas/OneDrive/Escritorio/DAWES/21-pagination/src/controllers/notesController.js:59:17)\n    at Layer.handle [as handle_request] (C:\\Users\\sebas\\OneDrive\\Escritorio\\DAWES\\21-pagination\\node_modules\\express\\lib\\router\\layer.js:95:5)\n    at next (C:\\Users\\sebas\\OneDrive\\Escritorio\\DAWES\\21-pagination\\node_modules\\express\\lib\\router\\route.js:149:13)\n    at file:///C:/Users/sebas/OneDrive/Escritorio/DAWES/21-pagination/src/middlewares/authMiddleware.js:13:9\n    at C:\\Users\\sebas\\OneDrive\\Escritorio\\DAWES\\21-pagination\\node_modules\\jsonwebtoken\\verify.js:261:12\n    at getSecret (C:\\Users\\sebas\\OneDrive\\Escritorio\\DAWES\\21-pagination\\node_modules\\jsonwebtoken\\verify.js:97:14)","timestamp":"2024-12-10T10:42:21.697Z"}
{"level":"info","message":"::1 - - [10/Dec/2024:10:42:21 +0000] \"GET /notes?sortBy=title&order=asc&filter=test&page=1&limit=200 HTTP/1.1\" 500 16 \"-\" \"PostmanRuntime/7.43.0\"","timestamp":"2024-12-10T10:42:21.703Z"}
{"level":"info","message":"Server running on port 3013","timestamp":"2024-12-10T10:47:17.397Z"}
{"level":"info","message":"Server running on port 3013","timestamp":"2024-12-10T10:47:40.862Z"}
{"level":"info","message":"[2024-12-10T10:47:50.027Z] GET /notes?sortBy=title&order=asc&filter=test&page=1&limit=200","timestamp":"2024-12-10T10:47:50.027Z"}
{"level":"info","message":"::1 - - [10/Dec/2024:10:47:50 +0000] \"GET /notes?sortBy=title&order=asc&filter=test&page=1&limit=200 HTTP/1.1\" 200 47 \"-\" \"PostmanRuntime/7.43.0\"","timestamp":"2024-12-10T10:47:50.075Z"}
{"level":"info","message":"[2024-12-10T10:48:08.050Z] GET /notes?sortBy=title&order=asc&filter=test&page=1&limit=200","timestamp":"2024-12-10T10:48:08.050Z"}
{"level":"info","message":"::1 - - [10/Dec/2024:10:48:08 +0000] \"GET /notes?sortBy=title&order=asc&filter=test&page=1&limit=200 HTTP/1.1\" 200 47 \"-\" \"PostmanRuntime/7.43.0\"","timestamp":"2024-12-10T10:48:08.065Z"}
{"level":"info","message":"[2024-12-10T10:48:09.795Z] GET /notes?sortBy=title&order=asc&filter=test&page=1&limit=200","timestamp":"2024-12-10T10:48:09.795Z"}
{"level":"info","message":"::1 - - [10/Dec/2024:10:48:09 +0000] \"GET /notes?sortBy=title&order=asc&filter=test&page=1&limit=200 HTTP/1.1\" 200 47 \"-\" \"PostmanRuntime/7.43.0\"","timestamp":"2024-12-10T10:48:09.811Z"}
{"level":"info","message":"Server running on port 3013","timestamp":"2024-12-10T10:48:44.851Z"}
{"level":"info","message":"[2024-12-10T10:48:48.027Z] GET /notes?sortBy=title&order=asc&filter=test&page=1&limit=200","timestamp":"2024-12-10T10:48:48.027Z"}
{"level":"info","message":"::1 - - [10/Dec/2024:10:48:48 +0000] \"GET /notes?sortBy=title&order=asc&filter=test&page=1&limit=200 HTTP/1.1\" 200 47 \"-\" \"PostmanRuntime/7.43.0\"","timestamp":"2024-12-10T10:48:48.053Z"}
{"level":"info","message":"Server running on port 3013","timestamp":"2024-12-10T10:49:44.515Z"}
{"level":"info","message":"Server running on port 3013","timestamp":"2024-12-10T10:49:55.938Z"}
{"level":"info","message":"[2024-12-10T10:50:06.900Z] GET /notes?sortBy=title&order=asc&filter=test&page=1&limit=200","timestamp":"2024-12-10T10:50:06.900Z"}
{"level":"info","message":"::1 - - [10/Dec/2024:10:50:06 +0000] \"GET /notes?sortBy=title&order=asc&filter=test&page=1&limit=200 HTTP/1.1\" 200 47 \"-\" \"PostmanRuntime/7.43.0\"","timestamp":"2024-12-10T10:50:06.923Z"}
{"level":"info","message":"Server running on port 3013","timestamp":"2024-12-10T11:08:00.696Z"}
{"level":"info","message":"[2024-12-10T11:08:41.868Z] POST /notes/create","timestamp":"2024-12-10T11:08:41.868Z"}
{"level":"info","message":"::1 - - [10/Dec/2024:11:08:42 +0000] \"POST /notes/create HTTP/1.1\" 403 9 \"-\" \"PostmanRuntime/7.43.0\"","timestamp":"2024-12-10T11:08:42.127Z"}
{"level":"info","message":"[2024-12-10T11:09:06.351Z] POST /notes/create","timestamp":"2024-12-10T11:09:06.351Z"}
{"level":"info","message":"::1 - - [10/Dec/2024:11:09:06 +0000] \"POST /notes/create HTTP/1.1\" 403 9 \"-\" \"PostmanRuntime/7.43.0\"","timestamp":"2024-12-10T11:09:06.354Z"}
{"level":"info","message":"[2024-12-10T11:09:15.045Z] POST /auth/login","timestamp":"2024-12-10T11:09:15.046Z"}
{"level":"info","message":"::1 - - [10/Dec/2024:11:09:15 +0000] \"POST /auth/login HTTP/1.1\" 200 165 \"-\" \"PostmanRuntime/7.43.0\"","timestamp":"2024-12-10T11:09:15.259Z"}
{"level":"info","message":"[2024-12-10T11:09:25.607Z] GET /export/export","timestamp":"2024-12-10T11:09:25.607Z"}
{"level":"error","message":"Error procesando GET /export/export: require is not defined","stack":"ReferenceError: require is not defined\n    at exportNotes (file:///C:/Users/sebas/OneDrive/Escritorio/DAWES/22-api-files/src/controllers/exportController.js:15:17)\n    at Layer.handle [as handle_request] (C:\\Users\\sebas\\OneDrive\\Escritorio\\DAWES\\22-api-files\\node_modules\\express\\lib\\router\\layer.js:95:5)\n    at next (C:\\Users\\sebas\\OneDrive\\Escritorio\\DAWES\\22-api-files\\node_modules\\express\\lib\\router\\route.js:149:13)\n    at Route.dispatch (C:\\Users\\sebas\\OneDrive\\Escritorio\\DAWES\\22-api-files\\node_modules\\express\\lib\\router\\route.js:119:3)\n    at Layer.handle [as handle_request] (C:\\Users\\sebas\\OneDrive\\Escritorio\\DAWES\\22-api-files\\node_modules\\express\\lib\\router\\layer.js:95:5)\n    at C:\\Users\\sebas\\OneDrive\\Escritorio\\DAWES\\22-api-files\\node_modules\\express\\lib\\router\\index.js:284:15\n    at Function.process_params (C:\\Users\\sebas\\OneDrive\\Escritorio\\DAWES\\22-api-files\\node_modules\\express\\lib\\router\\index.js:346:12)\n    at next (C:\\Users\\sebas\\OneDrive\\Escritorio\\DAWES\\22-api-files\\node_modules\\express\\lib\\router\\index.js:280:10)\n    at Function.handle (C:\\Users\\sebas\\OneDrive\\Escritorio\\DAWES\\22-api-files\\node_modules\\express\\lib\\router\\index.js:175:3)\n    at router (C:\\Users\\sebas\\OneDrive\\Escritorio\\DAWES\\22-api-files\\node_modules\\express\\lib\\router\\index.js:47:12)","timestamp":"2024-12-10T11:09:25.639Z"}
{"level":"info","message":"::1 - - [10/Dec/2024:11:09:25 +0000] \"GET /export/export HTTP/1.1\" 500 16 \"-\" \"PostmanRuntime/7.43.0\"","timestamp":"2024-12-10T11:09:25.645Z"}
{"level":"info","message":"[2024-12-10T11:09:27.118Z] GET /export/export","timestamp":"2024-12-10T11:09:27.118Z"}
{"level":"error","message":"Error procesando GET /export/export: require is not defined","stack":"ReferenceError: require is not defined\n    at exportNotes (file:///C:/Users/sebas/OneDrive/Escritorio/DAWES/22-api-files/src/controllers/exportController.js:15:17)\n    at Layer.handle [as handle_request] (C:\\Users\\sebas\\OneDrive\\Escritorio\\DAWES\\22-api-files\\node_modules\\express\\lib\\router\\layer.js:95:5)\n    at next (C:\\Users\\sebas\\OneDrive\\Escritorio\\DAWES\\22-api-files\\node_modules\\express\\lib\\router\\route.js:149:13)\n    at Route.dispatch (C:\\Users\\sebas\\OneDrive\\Escritorio\\DAWES\\22-api-files\\node_modules\\express\\lib\\router\\route.js:119:3)\n    at Layer.handle [as handle_request] (C:\\Users\\sebas\\OneDrive\\Escritorio\\DAWES\\22-api-files\\node_modules\\express\\lib\\router\\layer.js:95:5)\n    at C:\\Users\\sebas\\OneDrive\\Escritorio\\DAWES\\22-api-files\\node_modules\\express\\lib\\router\\index.js:284:15\n    at Function.process_params (C:\\Users\\sebas\\OneDrive\\Escritorio\\DAWES\\22-api-files\\node_modules\\express\\lib\\router\\index.js:346:12)\n    at next (C:\\Users\\sebas\\OneDrive\\Escritorio\\DAWES\\22-api-files\\node_modules\\express\\lib\\router\\index.js:280:10)\n    at Function.handle (C:\\Users\\sebas\\OneDrive\\Escritorio\\DAWES\\22-api-files\\node_modules\\express\\lib\\router\\index.js:175:3)\n    at router (C:\\Users\\sebas\\OneDrive\\Escritorio\\DAWES\\22-api-files\\node_modules\\express\\lib\\router\\index.js:47:12)","timestamp":"2024-12-10T11:09:27.122Z"}
{"level":"info","message":"::1 - - [10/Dec/2024:11:09:27 +0000] \"GET /export/export HTTP/1.1\" 500 16 \"-\" \"PostmanRuntime/7.43.0\"","timestamp":"2024-12-10T11:09:27.126Z"}
{"level":"info","message":"Server running on port 3013","timestamp":"2024-12-10T11:11:51.229Z"}
{"level":"info","message":"[2024-12-10T11:11:58.005Z] GET /export/export","timestamp":"2024-12-10T11:11:58.005Z"}
{"level":"info","message":"::1 - - [10/Dec/2024:11:11:58 +0000] \"GET /export/export HTTP/1.1\" 200 - \"-\" \"PostmanRuntime/7.43.0\"","timestamp":"2024-12-10T11:11:58.056Z"}
{"level":"info","message":"[2024-12-10T11:12:32.107Z] POST /notes/create","timestamp":"2024-12-10T11:12:32.107Z"}
{"level":"info","message":"::1 - - [10/Dec/2024:11:12:32 +0000] \"POST /notes/create HTTP/1.1\" 403 9 \"-\" \"PostmanRuntime/7.43.0\"","timestamp":"2024-12-10T11:12:32.131Z"}
{"level":"info","message":"Server running on port 3013","timestamp":"2024-12-10T11:16:23.394Z"}
{"level":"info","message":"Server running on port 3013","timestamp":"2024-12-10T11:16:42.165Z"}
{"level":"info","message":"[2024-12-10T11:16:49.537Z] POST /auth/login","timestamp":"2024-12-10T11:16:49.537Z"}
{"level":"info","message":"::1 - - [10/Dec/2024:11:16:49 +0000] \"POST /auth/login HTTP/1.1\" 200 165 \"-\" \"PostmanRuntime/7.43.0\"","timestamp":"2024-12-10T11:16:49.749Z"}
{"level":"info","message":"[2024-12-10T11:17:28.957Z] POST /notes/create","timestamp":"2024-12-10T11:17:28.957Z"}
{"level":"info","message":"::1 - - [10/Dec/2024:11:17:28 +0000] \"POST /notes/create HTTP/1.1\" 403 9 \"-\" \"PostmanRuntime/7.43.0\"","timestamp":"2024-12-10T11:17:28.964Z"}
{"level":"info","message":"Server running on port 3013","timestamp":"2024-12-10T11:58:07.055Z"}
{"level":"info","message":"[2024-12-10T11:59:15.516Z] POST /auth/login","timestamp":"2024-12-10T11:59:15.516Z"}
{"level":"info","message":"::1 - - [10/Dec/2024:11:59:15 +0000] \"POST /auth/login HTTP/1.1\" 200 165 \"-\" \"PostmanRuntime/7.43.0\"","timestamp":"2024-12-10T11:59:15.758Z"}
{"level":"info","message":"[2024-12-10T11:59:45.133Z] POST /notes/import","timestamp":"2024-12-10T11:59:45.133Z"}
{"level":"info","message":"::1 - - [10/Dec/2024:11:59:45 +0000] \"POST /notes/import HTTP/1.1\" 200 28 \"-\" \"PostmanRuntime/7.43.0\"","timestamp":"2024-12-10T11:59:45.151Z"}
{"level":"info","message":"[2024-12-10T12:00:28.032Z] GET /notes/export","timestamp":"2024-12-10T12:00:28.032Z"}
{"level":"info","message":"::1 - - [10/Dec/2024:12:00:28 +0000] \"GET /notes/export HTTP/1.1\" 200 - \"-\" \"PostmanRuntime/7.43.0\"","timestamp":"2024-12-10T12:00:28.097Z"}
{"level":"info","message":"[2024-12-10T12:00:46.568Z] POST /notes/create","timestamp":"2024-12-10T12:00:46.568Z"}
{"level":"info","message":"::1 - - [10/Dec/2024:12:00:46 +0000] \"POST /notes/create HTTP/1.1\" 200 11 \"-\" \"PostmanRuntime/7.43.0\"","timestamp":"2024-12-10T12:00:46.581Z"}
{"level":"info","message":"Server running on port 3013","timestamp":"2024-12-10T12:04:38.902Z"}
{"level":"info","message":"Server running on port 3013","timestamp":"2024-12-10T12:18:06.592Z"}
{"level":"info","message":"[2024-12-10T12:18:36.364Z] GET /api-docs","timestamp":"2024-12-10T12:18:36.364Z"}
{"level":"info","message":"::1 - - [10/Dec/2024:12:18:36 +0000] \"GET /api-docs HTTP/1.1\" 301 158 \"-\" \"Mozilla/5.0 (Windows NT 10.0; Win64; x64) AppleWebKit/537.36 (KHTML, like Gecko) Chrome/131.0.0.0 Safari/537.36 Edg/131.0.0.0\"","timestamp":"2024-12-10T12:18:36.377Z"}
{"level":"info","message":"[2024-12-10T12:18:36.383Z] GET /api-docs/","timestamp":"2024-12-10T12:18:36.383Z"}
{"level":"info","message":"::1 - - [10/Dec/2024:12:18:36 +0000] \"GET /api-docs/ HTTP/1.1\" 200 3106 \"-\" \"Mozilla/5.0 (Windows NT 10.0; Win64; x64) AppleWebKit/537.36 (KHTML, like Gecko) Chrome/131.0.0.0 Safari/537.36 Edg/131.0.0.0\"","timestamp":"2024-12-10T12:18:36.398Z"}
{"level":"info","message":"[2024-12-10T12:18:36.417Z] GET /api-docs/swagger-ui.css","timestamp":"2024-12-10T12:18:36.417Z"}
{"level":"info","message":"[2024-12-10T12:18:36.425Z] GET /api-docs/swagger-ui-bundle.js","timestamp":"2024-12-10T12:18:36.425Z"}
{"level":"info","message":"[2024-12-10T12:18:36.429Z] GET /api-docs/swagger-ui-standalone-preset.js","timestamp":"2024-12-10T12:18:36.429Z"}
{"level":"info","message":"[2024-12-10T12:18:36.431Z] GET /api-docs/swagger-ui-init.js","timestamp":"2024-12-10T12:18:36.431Z"}
{"level":"info","message":"::1 - - [10/Dec/2024:12:18:36 +0000] \"GET /api-docs/swagger-ui-init.js HTTP/1.1\" 200 9340 \"http://localhost:3013/api-docs/\" \"Mozilla/5.0 (Windows NT 10.0; Win64; x64) AppleWebKit/537.36 (KHTML, like Gecko) Chrome/131.0.0.0 Safari/537.36 Edg/131.0.0.0\"","timestamp":"2024-12-10T12:18:36.434Z"}
{"level":"info","message":"::1 - - [10/Dec/2024:12:18:36 +0000] \"GET /api-docs/swagger-ui.css HTTP/1.1\" 200 152072 \"http://localhost:3013/api-docs/\" \"Mozilla/5.0 (Windows NT 10.0; Win64; x64) AppleWebKit/537.36 (KHTML, like Gecko) Chrome/131.0.0.0 Safari/537.36 Edg/131.0.0.0\"","timestamp":"2024-12-10T12:18:36.514Z"}
{"level":"info","message":"::1 - - [10/Dec/2024:12:18:36 +0000] \"GET /api-docs/swagger-ui-bundle.js HTTP/1.1\" 200 1426050 \"http://localhost:3013/api-docs/\" \"Mozilla/5.0 (Windows NT 10.0; Win64; x64) AppleWebKit/537.36 (KHTML, like Gecko) Chrome/131.0.0.0 Safari/537.36 Edg/131.0.0.0\"","timestamp":"2024-12-10T12:18:36.522Z"}
{"level":"info","message":"::1 - - [10/Dec/2024:12:18:37 +0000] \"GET /api-docs/swagger-ui-standalone-preset.js HTTP/1.1\" 200 230007 \"http://localhost:3013/api-docs/\" \"Mozilla/5.0 (Windows NT 10.0; Win64; x64) AppleWebKit/537.36 (KHTML, like Gecko) Chrome/131.0.0.0 Safari/537.36 Edg/131.0.0.0\"","timestamp":"2024-12-10T12:18:37.244Z"}
{"level":"info","message":"[2024-12-10T12:18:37.419Z] GET /api-docs/favicon-32x32.png","timestamp":"2024-12-10T12:18:37.419Z"}
{"level":"info","message":"::1 - - [10/Dec/2024:12:18:37 +0000] \"GET /api-docs/favicon-32x32.png HTTP/1.1\" 200 628 \"http://localhost:3013/api-docs/\" \"Mozilla/5.0 (Windows NT 10.0; Win64; x64) AppleWebKit/537.36 (KHTML, like Gecko) Chrome/131.0.0.0 Safari/537.36 Edg/131.0.0.0\"","timestamp":"2024-12-10T12:18:37.439Z"}
