{"level":"info","message":"Server running on port 3035","timestamp":"2024-12-14T09:38:25.081Z"}
{"level":"info","message":"Server running on port 3035","timestamp":"2024-12-14T09:39:40.395Z"}
{"level":"info","message":"Server running on port 3035","timestamp":"2024-12-14T09:39:43.917Z"}
{"level":"info","message":"Server running on port 3035","timestamp":"2024-12-14T09:39:50.667Z"}
{"level":"info","message":"[2024-12-14T09:43:05.842Z] POST /notes/create","timestamp":"2024-12-14T09:43:05.843Z"}
{"level":"info","message":"[2024-12-14T09:47:20.346Z] PUT /notes/edit","timestamp":"2024-12-14T09:47:20.346Z"}
{"level":"info","message":"Server running on port 3035","timestamp":"2024-12-14T09:47:30.562Z"}
{"level":"info","message":"[2024-12-14T09:47:42.302Z] PUT /notes/edit","timestamp":"2024-12-14T09:47:42.302Z"}
{"level":"info","message":"[2024-12-14T09:48:27.819Z] POST /notes/create","timestamp":"2024-12-14T09:48:27.819Z"}
{"level":"info","message":"[2024-12-14T09:48:49.926Z] DELETE /notes/delete","timestamp":"2024-12-14T09:48:49.927Z"}
{"level":"info","message":"Server running on port 3035","timestamp":"2024-12-14T09:56:15.332Z"}
{"level":"info","message":"Server running on port 3035","timestamp":"2024-12-14T09:56:24.392Z"}
{"level":"info","message":"Server running on port 3035","timestamp":"2024-12-14T09:56:28.635Z"}
{"level":"info","message":"Server running on port 3035","timestamp":"2024-12-14T09:56:33.645Z"}
{"level":"info","message":"Server running on port 3035","timestamp":"2024-12-14T09:56:37.933Z"}
{"level":"info","message":"Server running on port 3035","timestamp":"2024-12-14T09:56:45.281Z"}
{"level":"info","message":"[2024-12-14T09:57:31.760Z] POST /notes/create","timestamp":"2024-12-14T09:57:31.760Z"}
{"level":"info","message":"Note created: nota ABIMAWEABIMAWE.","timestamp":"2024-12-14T09:57:31.827Z"}
{"level":"info","message":"[2024-12-14T09:57:46.029Z] PUT /notes/edit","timestamp":"2024-12-14T09:57:46.029Z"}
{"level":"info","message":"Note edited: testNote","timestamp":"2024-12-14T09:57:46.040Z"}
{"level":"info","message":"[2024-12-14T09:58:10.914Z] DELETE /notes/delete","timestamp":"2024-12-14T09:58:10.914Z"}
{"level":"info","message":"Note deleted: nota ABIMAWEABIMAWE.","timestamp":"2024-12-14T09:58:10.925Z"}
{"level":"info","message":"[2024-12-14T09:58:18.034Z] POST /notes/create","timestamp":"2024-12-14T09:58:18.034Z"}
{"level":"info","message":"Note created: nota ABIMAWEABIMAWE.","timestamp":"2024-12-14T09:58:18.043Z"}
2024-12-14 10:59:23 info: Server running on port 3035
2024-12-14 10:59:47 info: [2024-12-14T09:59:47.007Z] POST /notes/create
2024-12-14 10:59:47 info: Note created: notaMovNaranja.
2024-12-14 11:00:23 info: [2024-12-14T10:00:23.226Z] PUT /notes/edit
2024-12-14 11:00:23 info: Note edited: notaMovNaranja.
2024-12-14 11:00:34 info: [2024-12-14T10:00:34.517Z] PUT /notes/edit
2024-12-14 11:00:34 info: Note edited: notaMovNaranja.
2024-12-14 11:00:49 info: [2024-12-14T10:00:49.457Z] DELETE /notes/delete
2024-12-14 11:00:49 info: Note deleted: nota ABIMAWEABIMAWE.
2024-12-14 11:02:27 info: Server running on port 3035
2024-12-14 11:02:44 info: Server running on port 3035
2024-12-14 11:03:24 info: Server running on port 3035
2024-12-14 11:04:26 info: [2024-12-14T10:04:26.561Z] POST /notes/create
2024-12-14 11:04:26 info: Note created: Sale el Sol.
2024-12-14 11:05:20 info: [2024-12-14T10:05:20.258Z] PUT /notes/edit
2024-12-14 11:05:20 info: Note edited: sale el Sol.
2024-12-14 11:05:37 info: [2024-12-14T10:05:37.756Z] DELETE /notes/delete
2024-12-14 11:05:52 info: [2024-12-14T10:05:52.039Z] DELETE /notes/delete
2024-12-14 11:05:52 info: Note deleted: testNote
2024-12-14 11:51:19 info: Test info message
2024-12-14 11:51:19 error: Test error message
2024-12-14 11:51:19 info: Test stream message
2024-12-14 11:52:47 info: Test info message
2024-12-14 11:52:47 error: Test error message
2024-12-14 11:52:47 info: Test stream message
2024-12-14 11:54:21 info: Test info message
2024-12-14 11:54:21 error: Test error message
2024-12-14 11:54:21 info: Test stream message
2024-12-14 11:55:05 info: Test info message
2024-12-14 11:55:05 error: Test error message
2024-12-14 11:55:05 info: Test stream message
2024-12-14 11:55:26 info: Test info message
2024-12-14 11:55:26 error: Test error message
2024-12-14 11:55:26 info: Test stream message
2024-12-14 11:57:11 info: Test info message
2024-12-14 11:57:11 error: Test error message
2024-12-14 11:57:11 info: Test stream message
2024-12-14 12:00:31 info: Test info message
2024-12-14 12:00:31 error: Test error message
2024-12-14 12:00:31 info: Test stream message
2024-12-14 12:01:54 info: Test info message
2024-12-14 12:01:54 error: Test error message
2024-12-14 12:01:54 info: Test stream message
2024-12-14 12:03:26 info: Test info message
2024-12-14 12:03:26 error: Test error message
2024-12-14 12:03:26 info: Test stream message
2024-12-14 12:05:24 info: Test info message
2024-12-14 12:05:24 error: Test error message
2024-12-14 12:05:24 info: Test stream message
2024-12-14 12:05:25 info: Note created: testNote
2024-12-14 12:07:00 info: Test info message
2024-12-14 12:07:00 error: Test error message
2024-12-14 12:07:00 info: Test stream message
2024-12-14 12:07:01 info: Note created: testNote
2024-12-14 12:08:45 info: Test info message
2024-12-14 12:08:45 error: Test error message
2024-12-14 12:08:45 info: Test stream message
2024-12-14 12:08:46 info: Note created: testNote
2024-12-14 12:10:19 info: Test info message
2024-12-14 12:10:19 error: Test error message
2024-12-14 12:10:19 info: Test stream message
2024-12-14 12:15:12 info: Test info message
2024-12-14 12:15:12 error: Test error message
2024-12-14 12:15:12 info: Test stream message
2024-12-14 12:15:18 info: Note created: testNote
2024-12-14 12:15:51 info: Test info message
2024-12-14 12:15:51 error: Test error message
2024-12-14 12:15:51 info: Test stream message
2024-12-14 12:20:55 info: Server running on port 3035
2024-12-14 12:21:17 info: [2024-12-14T11:21:16.999Z] POST /notes/create
2024-12-14 12:21:17 info: Note created: Sale el Sooool.
2024-12-14 12:21:30 info: [2024-12-14T11:21:30.344Z] PUT /notes/edit
2024-12-14 12:21:30 info: Note edited: sale el Sooool.
2024-12-14 12:21:51 info: [2024-12-14T11:21:51.625Z] DELETE /notes/delete
2024-12-14 12:21:51 info: Note deleted: sale el Sooool.
2024-12-14 12:22:11 info: Test info message
2024-12-14 12:22:11 error: Test error message
2024-12-14 12:22:11 info: Test stream message
2024-12-14 12:22:13 info: Note created: testNote
2024-12-14 12:23:11 info: Test info message
2024-12-14 12:23:11 error: Test error message
2024-12-14 12:23:11 info: Test stream message
2024-12-14 12:24:20 info: Test info message
2024-12-14 12:24:20 error: Test error message
2024-12-14 12:24:20 info: Test stream message
2024-12-14 12:24:31 info: Server running on port 3035
2024-12-14 12:24:41 info: Test info message
2024-12-14 12:24:41 error: Test error message
2024-12-14 12:24:41 info: Test stream message
2024-12-15 11:00:29 info: Test info message
2024-12-15 11:00:29 error: Test error message
2024-12-15 11:00:29 info: Test stream message
2024-12-15 11:10:12 info: Test info message
2024-12-15 11:10:12 error: Test error message
2024-12-15 11:10:12 info: Test stream message
2024-12-15 11:16:13 info: Test info message
2024-12-15 11:16:13 error: Test error message
2024-12-15 11:16:13 info: Test stream message
2024-12-15 11:19:04 info: Test info message
2024-12-15 11:19:04 error: Test error message
2024-12-15 11:19:04 info: Test stream message
2024-12-15 11:19:40 info: Test info message
2024-12-15 11:19:40 error: Test error message
2024-12-15 11:19:40 info: Test stream message
2024-12-15 11:22:02 info: Test info message
2024-12-15 11:22:02 error: Test error message
2024-12-15 11:22:02 info: Test stream message
2024-12-15 11:23:07 info: Test info message
2024-12-15 11:23:07 error: Test error message
2024-12-15 11:23:07 info: Test stream message
2024-12-15 11:23:50 info: Test info message
2024-12-15 11:23:50 error: Test error message
2024-12-15 11:23:50 info: Test stream message
2024-12-15 11:24:11 info: Test info message
2024-12-15 11:24:12 error: Test error message
2024-12-15 11:24:12 info: Test stream message
2024-12-15 11:25:02 info: Test info message
2024-12-15 11:25:02 error: Test error message
2024-12-15 11:25:02 info: Test stream message
2024-12-15 11:26:26 info: Server running on port 3035
2024-12-15 11:27:52 info: [2024-12-15T10:27:52.291Z] POST /notes/create
2024-12-15 11:27:52 info: Note created: 3ANILLO.
2024-12-15 11:29:03 info: [2024-12-15T10:29:03.678Z] PUT /notes/edit
2024-12-15 11:29:03 info: Note edited: 3ANILLO.
2024-12-15 11:29:49 info: [2024-12-15T10:29:49.880Z] DELETE /notes/delete
2024-12-15 11:29:59 info: [2024-12-15T10:29:59.227Z] DELETE /notes/delete
2024-12-15 11:29:59 info: Note deleted: TestNote
2024-12-15 11:34:54 info: Server running on port 3035
2024-12-15 11:39:56 info: Note created: testNote
2024-12-15 11:41:59 info: Note edited: testNote
2024-12-15 11:43:48 info: Note deleted: testNote
2024-12-15 11:44:15 info: Test info message
2024-12-15 11:44:15 error: Test error message
2024-12-15 11:44:15 info: Test stream message
2024-12-15 11:45:59 info: Test info message
2024-12-15 11:45:59 error: Test error message
2024-12-15 11:45:59 info: Test stream message
2024-12-15 11:48:11 info: Test info message
2024-12-15 11:48:11 error: Test error message
2024-12-15 11:48:11 info: Test stream message
2024-12-15 11:48:17 info: Server running on port 3035
2024-12-15 11:48:26 info: Note created: testNote
2024-12-15 11:48:30 info: Note edited: testNote
2024-12-15 11:48:33 info: Note deleted: testNote
2024-12-15 11:52:20 info: Test info message
2024-12-15 11:52:20 error: Test error message
2024-12-15 11:52:20 info: Test stream message
2024-12-15 11:55:24 info: Test info message
2024-12-15 11:55:24 error: Test error message
2024-12-15 11:55:24 info: Test stream message
2024-12-15 11:55:26 info: Note created: testNote
2024-12-15 11:55:35 info: Server running on port 3035
2024-12-15 11:55:43 info: Note created: testNote
2024-12-15 11:55:46 info: Note edited: testNote
2024-12-15 11:55:49 info: Note deleted: testNote
2024-12-15 11:59:15 info: Server running on port 3035
2024-12-15 11:59:28 info: Test info message
2024-12-15 11:59:28 error: Test error message
2024-12-15 11:59:28 info: Test stream message
2024-12-15 11:59:28 error: Error: Test error
    at Object.<anonymous> (C:\Users\sebas\DAWES2\notes-app\src\middlewares\errorHandlingMiddleware.test.js:5:21)
    at Promise.then.completed (C:\Users\sebas\DAWES2\notes-app\node_modules\jest-circus\build\utils.js:391:28)
    at new Promise (<anonymous>)
    at callAsyncCircusFn (C:\Users\sebas\DAWES2\notes-app\node_modules\jest-circus\build\utils.js:316:10)
    at _callCircusTest (C:\Users\sebas\DAWES2\notes-app\node_modules\jest-circus\build\run.js:218:40)
    at processTicksAndRejections (node:internal/process/task_queues:95:5)
    at _runTest (C:\Users\sebas\DAWES2\notes-app\node_modules\jest-circus\build\run.js:155:3)
    at _runTestsForDescribeBlock (C:\Users\sebas\DAWES2\notes-app\node_modules\jest-circus\build\run.js:66:9)
    at _runTestsForDescribeBlock (C:\Users\sebas\DAWES2\notes-app\node_modules\jest-circus\build\run.js:60:9)
    at run (C:\Users\sebas\DAWES2\notes-app\node_modules\jest-circus\build\run.js:25:3)
2024-12-15 11:59:28 error: Error processing undefined undefined: Custom error
2024-12-15 11:59:29 info: Note created: testNote
2024-12-15 11:59:58 info: Server running on port 3035
2024-12-15 12:00:05 info: Note created: testNote
2024-12-15 12:00:07 info: Note edited: testNote
2024-12-15 12:00:10 info: Note deleted: testNote
2024-12-15 12:02:21 info: Test info message
2024-12-15 12:02:21 error: Test error message
2024-12-15 12:02:21 info: Test stream message
2024-12-15 12:02:22 info: Note created: testNote
2024-12-15 12:02:53 info: Server running on port 3035
2024-12-15 12:03:04 info: Note created: testNote
2024-12-15 12:03:07 info: Note edited: testNote
2024-12-15 12:03:09 info: Note deleted: testNote
2024-12-15 12:10:43 info: Test info message
2024-12-15 12:10:43 error: Test error message
2024-12-15 12:10:43 info: Test stream message
2024-12-15 12:10:47 info: Note created: testNote
2024-12-15 13:03:54 info: Test info message
2024-12-15 13:03:54 error: Test error message
2024-12-15 13:03:54 info: Test stream message
2024-12-15 13:03:56 info: Note created: testNote
2024-12-15 13:03:56 info: Note created: testNote
2024-12-15 13:04:05 info: Server running on port 3035
2024-12-15 13:05:02 info: Note created: testNote1
2024-12-15 13:05:40 info: Note edited: testNote1
2024-12-15 13:05:51 info: Note deleted: testNote1
2024-12-15 13:06:04 info: Note created: testNote1
2024-12-15 13:06:40 info: Note created: MovimientoNaranja
2024-12-15 13:07:05 info: Note created: 3ANILLO
2024-12-15 13:07:26 info: Note created: SaleElSol
2024-12-15 13:10:46 error: Error fetching notes: Unexpected token 'E', "El era un "... is not valid JSON
2024-12-15 13:10:46 error: Error processing GET /notes?page=1&limit=10&sortBy=title&filterBy=title&filterValue=testNote1: Error fetching notes
2024-12-15 13:11:08 error: Error fetching notes: Unexpected token 'E', "El era un "... is not valid JSON
2024-12-15 13:11:08 error: Error processing GET /notes?page=1&limit=10&sortBy=title&filterBy=title&filterValue=3ANILLO: Error fetching notes
2024-12-15 13:13:33 error: Error fetching notes: Unexpected token 'E', "El era un "... is not valid JSON
2024-12-15 13:13:33 error: Error processing GET /notes?page=1&limit=10&sortBy=title&filterBy=title&filterValue=3ANILLO: Error fetching notes
2024-12-15 13:15:46 info: Note edited: 3ANILLO
2024-12-15 13:16:24 info: Note deleted: testNote1
2024-12-15 13:16:34 info: Note created: testNote1
2024-12-15 13:16:45 info: Note edited: testNote1
2024-12-15 13:17:14 error: Error fetching notes: Unexpected token 'E', "El era un "... is not valid JSON
2024-12-15 13:17:14 error: Error processing GET /notes?page=1&limit=10&sortBy=title&filterBy=title&filterValue=testNote1: Error fetching notes
2024-12-15 13:17:27 info: Note deleted: 3ANILLO
2024-12-15 13:17:30 error: Error fetching notes: Unexpected token 'E', "El era un "... is not valid JSON
2024-12-15 13:17:30 error: Error processing GET /notes?page=1&limit=10&sortBy=title&filterBy=title&filterValue=testNote1: Error fetching notes
2024-12-15 13:17:41 error: Error fetching notes: Unexpected token 'E', "El era un "... is not valid JSON
2024-12-15 13:17:41 error: Error processing GET /notes?page=1&limit=10&sortBy=title&filterBy=title&filterValue=testNote1: Error fetching notes
2024-12-15 13:18:32 info: Test info message
2024-12-15 13:18:33 error: Test error message
2024-12-15 13:18:33 info: Test stream message
2024-12-15 13:18:34 info: Note created: testNote
2024-12-15 13:18:35 info: Note created: testNote
2024-12-15 13:22:03 info: Test info message
2024-12-15 13:22:03 error: Test error message
2024-12-15 13:22:03 info: Test stream message
2024-12-15 13:23:01 info: Test info message
2024-12-15 13:23:01 error: Test error message
2024-12-15 13:23:01 info: Test stream message
2024-12-15 13:23:03 info: Note created: testNote
2024-12-15 13:23:03 info: Note created: testNote
2024-12-15 13:23:28 info: Test info message
2024-12-15 13:23:28 error: Test error message
2024-12-15 13:23:28 info: Test stream message
2024-12-15 13:23:29 info: Note created: testNote
2024-12-15 13:23:29 info: Note created: testNote
2024-12-15 13:25:01 info: Test info message
2024-12-15 13:25:01 error: Test error message
2024-12-15 13:25:01 info: Test stream message
2024-12-15 13:25:02 info: Note created: testNote
2024-12-15 13:25:02 info: Note created: testNote
2024-12-15 13:27:45 info: Test info message
2024-12-15 13:27:45 error: Test error message
2024-12-15 13:27:45 info: Test stream message
2024-12-15 13:27:50 info: Note created: testNote
2024-12-15 13:27:50 info: Note created: testNote
2024-12-15 13:28:33 info: Test info message
2024-12-15 13:28:33 error: Test error message
2024-12-15 13:28:33 info: Test stream message
2024-12-15 13:28:34 info: Note created: testNote
2024-12-15 13:28:34 info: Note created: testNote
2024-12-15 13:29:38 info: Test info message
2024-12-15 13:29:38 error: Test error message
2024-12-15 13:29:38 info: Test stream message
2024-12-15 13:29:38 error: Error: Test error
    at Object.<anonymous> (C:\Users\sebas\DAWES2\notes-app\src\middlewares\errorHandlingMiddleware.test.js:5:21)
    at Promise.then.completed (C:\Users\sebas\DAWES2\notes-app\node_modules\jest-circus\build\utils.js:391:28)
    at new Promise (<anonymous>)
    at callAsyncCircusFn (C:\Users\sebas\DAWES2\notes-app\node_modules\jest-circus\build\utils.js:316:10)
    at _callCircusTest (C:\Users\sebas\DAWES2\notes-app\node_modules\jest-circus\build\run.js:218:40)
    at processTicksAndRejections (node:internal/process/task_queues:95:5)
    at _runTest (C:\Users\sebas\DAWES2\notes-app\node_modules\jest-circus\build\run.js:155:3)
    at _runTestsForDescribeBlock (C:\Users\sebas\DAWES2\notes-app\node_modules\jest-circus\build\run.js:66:9)
    at _runTestsForDescribeBlock (C:\Users\sebas\DAWES2\notes-app\node_modules\jest-circus\build\run.js:60:9)
    at run (C:\Users\sebas\DAWES2\notes-app\node_modules\jest-circus\build\run.js:25:3)
2024-12-15 13:29:38 error: Error processing undefined undefined: Custom error
2024-12-15 13:29:50 info: Server running on port 3035
2024-12-15 13:29:54 info: Note created: testNote1
2024-12-15 13:29:58 info: Note edited: testNote1
2024-12-15 13:33:53 info: Test info message
2024-12-15 13:33:53 error: Test error message
2024-12-15 13:33:53 info: Test stream message
2024-12-15 13:38:53 info: Test info message
2024-12-15 13:38:53 error: Test error message
2024-12-15 13:38:53 info: Test stream message
2024-12-15 13:40:30 info: Test info message
2024-12-15 13:40:30 error: Test error message
2024-12-15 13:40:30 info: Test stream message
2024-12-15 13:41:17 info: Test info message
2024-12-15 13:41:17 error: Test error message
2024-12-15 13:41:17 info: Test stream message
2024-12-15 13:44:58 info: Test info message
2024-12-15 13:44:58 error: Test error message
2024-12-15 13:44:58 info: Test stream message
2024-12-15 13:47:55 info: Test info message
2024-12-15 13:47:55 error: Test error message
2024-12-15 13:47:55 info: Test stream message
2024-12-15 13:50:11 info: Test info message
2024-12-15 13:50:11 error: Test error message
2024-12-15 13:50:11 info: Test stream message
2024-12-15 13:53:00 info: Test info message
2024-12-15 13:53:00 error: Test error message
2024-12-15 13:53:00 info: Test stream message
2024-12-15 13:54:32 info: Test info message
2024-12-15 13:54:32 error: Test error message
2024-12-15 13:54:32 info: Test stream message
2024-12-15 13:55:18 info: Test info message
2024-12-15 13:55:18 error: Test error message
2024-12-15 13:55:18 info: Test stream message
2024-12-15 13:58:17 info: Test info message
2024-12-15 13:58:17 error: Test error message
2024-12-15 13:58:17 info: Test stream message
2024-12-15 13:58:36 info: Test info message
2024-12-15 13:58:36 error: Test error message
2024-12-15 13:58:36 info: Test stream message
2024-12-15 14:00:56 info: Test info message
2024-12-15 14:00:56 error: Test error message
2024-12-15 14:00:56 info: Test stream message
2024-12-15 14:02:20 info: Test info message
2024-12-15 14:02:20 error: Test error message
2024-12-15 14:02:20 info: Test stream message
2024-12-15 14:02:44 info: Test info message
2024-12-15 14:02:44 error: Test error message
2024-12-15 14:02:44 info: Test stream message
2024-12-15 14:05:35 info: Test info message
2024-12-15 14:05:35 error: Test error message
2024-12-15 14:05:35 info: Test stream message
2024-12-15 15:30:50 info: Server running on port 3035
2024-12-15 15:41:43 info: Server running on port 3035
2024-12-15 15:41:48 error: MulterError: Unexpected field
    at wrappedFileFilter (C:\Users\sebas\OneDrive\Escritorio\DAWES2\notes-app\node_modules\multer\index.js:40:19)
    at Multipart.<anonymous> (C:\Users\sebas\OneDrive\Escritorio\DAWES2\notes-app\node_modules\multer\lib\make-middleware.js:107:7)
    at Multipart.emit (node:events:519:28)
    at HeaderParser.cb (C:\Users\sebas\OneDrive\Escritorio\DAWES2\notes-app\node_modules\busboy\lib\types\multipart.js:358:14)
    at HeaderParser.push (C:\Users\sebas\OneDrive\Escritorio\DAWES2\notes-app\node_modules\busboy\lib\types\multipart.js:162:20)
    at SBMH.ssCb [as _cb] (C:\Users\sebas\OneDrive\Escritorio\DAWES2\notes-app\node_modules\busboy\lib\types\multipart.js:394:37)
    at feed (C:\Users\sebas\OneDrive\Escritorio\DAWES2\notes-app\node_modules\streamsearch\lib\sbmh.js:219:14)
    at SBMH.push (C:\Users\sebas\OneDrive\Escritorio\DAWES2\notes-app\node_modules\streamsearch\lib\sbmh.js:104:16)
    at Multipart._write (C:\Users\sebas\OneDrive\Escritorio\DAWES2\notes-app\node_modules\busboy\lib\types\multipart.js:567:19)
    at writeOrBuffer (node:internal/streams/writable:570:12)
2024-12-15 15:42:04 error: MulterError: Unexpected field
    at wrappedFileFilter (C:\Users\sebas\OneDrive\Escritorio\DAWES2\notes-app\node_modules\multer\index.js:40:19)
    at Multipart.<anonymous> (C:\Users\sebas\OneDrive\Escritorio\DAWES2\notes-app\node_modules\multer\lib\make-middleware.js:107:7)
    at Multipart.emit (node:events:519:28)
    at HeaderParser.cb (C:\Users\sebas\OneDrive\Escritorio\DAWES2\notes-app\node_modules\busboy\lib\types\multipart.js:358:14)
    at HeaderParser.push (C:\Users\sebas\OneDrive\Escritorio\DAWES2\notes-app\node_modules\busboy\lib\types\multipart.js:162:20)
    at SBMH.ssCb [as _cb] (C:\Users\sebas\OneDrive\Escritorio\DAWES2\notes-app\node_modules\busboy\lib\types\multipart.js:394:37)
    at feed (C:\Users\sebas\OneDrive\Escritorio\DAWES2\notes-app\node_modules\streamsearch\lib\sbmh.js:248:10)
    at SBMH.push (C:\Users\sebas\OneDrive\Escritorio\DAWES2\notes-app\node_modules\streamsearch\lib\sbmh.js:104:16)
    at Multipart._write (C:\Users\sebas\OneDrive\Escritorio\DAWES2\notes-app\node_modules\busboy\lib\types\multipart.js:567:19)
    at writeOrBuffer (node:internal/streams/writable:570:12)
2024-12-15 15:42:25 info: Server running on port 3035
2024-12-15 15:44:33 info: Note imported: hola.txt
2024-12-15 15:48:05 info: Note created: testNote1
2024-12-15 15:48:10 info: Note edited: testNote1
2024-12-15 15:48:45 error: Error exporting notes: res.zip is not a function
2024-12-15 15:48:45 error: Error processing GET /notes/export?title=hola: Error exporting notes
2024-12-15 15:49:25 error: Error exporting notes: res.zip is not a function
2024-12-15 15:49:25 error: Error processing GET /notes/export?title=testNote: Error exporting notes
2024-12-15 15:49:30 error: Error exporting notes: res.zip is not a function
2024-12-15 15:49:30 error: Error processing GET /notes/export?title=testNote1: Error exporting notes
2024-12-15 15:52:51 error: Error exporting notes: res.zip is not a function
2024-12-15 15:52:51 error: Error processing GET /notes/export: Error exporting notes
2024-12-15 15:54:31 error: Error exporting notes: res.zip is not a function
2024-12-15 15:54:31 error: Error processing GET /notes/export: Error exporting notes
2024-12-15 15:55:50 info: Server running on port 3035
2024-12-15 16:06:07 info: Server running on port 3035
2024-12-15 16:07:52 info: Test info message
2024-12-15 16:07:52 error: Test error message
2024-12-15 16:07:52 info: Test stream message
2024-12-15 16:10:02 info: Test info message
2024-12-15 16:10:02 error: Test error message
2024-12-15 16:10:02 info: Test stream message
2024-12-15 16:10:29 info: Test info message
2024-12-15 16:10:29 error: Test error message
2024-12-15 16:10:29 info: Test stream message
2024-12-15 16:10:48 info: Server running on port 3035
2024-12-15 16:11:20 info: Note created: testNote1
2024-12-15 16:11:23 info: Note edited: testNote1
2024-12-15 16:11:40 info: Note created: testNote3
2024-12-15 16:11:49 info: Note edited: testNote3
2024-12-15 16:11:56 info: Note deleted: testNote3
2024-12-15 16:12:00 error: Error parsing note file hola.txt: Unexpected token 'h', "holaaaaaaa"... is not valid JSON
2024-12-15 16:12:13 info: Note imported: hola.txt
2024-12-15 16:26:08 info: Server running on port 3035
2024-12-15 16:27:09 info: Note created: testNote3
2024-12-15 16:27:25 info: Note edited: testNote3
2024-12-15 16:27:42 info: Note deleted: testNote3
2024-12-15 16:27:57 error: Error parsing note file hola.txt: Unexpected token 'h', "holaaaaaaa"... is not valid JSON
2024-12-15 16:28:24 info: Note imported: hola.txt
2024-12-15 16:29:15 info: Note created: testNote3
2024-12-15 16:29:18 info: Note edited: testNote3
2024-12-15 16:29:23 error: Error parsing note file hola.txt: Unexpected token 'h', "holaaaaaaa"... is not valid JSON
2024-12-15 16:29:29 info: Note imported: hola.txt
2024-12-15 16:37:13 info: Server running on port 3036
2024-12-15 16:37:56 info: Note created: testNote3
2024-12-15 16:38:29 error: Error parsing note file hola.txt: Unexpected token 'h', "holaaaaaaa"... is not valid JSON
2024-12-15 16:38:36 info: Note edited: testNote3
2024-12-15 16:38:47 info: Note imported: hola.txt
2024-12-15 16:39:01 info: Note deleted: testNote3
2024-12-15 16:55:44 info: Server running on port 3036
2024-12-15 16:55:57 info: Note created: testNote3
2024-12-15 16:56:01 info: Note edited: testNote3
2024-12-15 16:56:05 info: Note deleted: testNote3
2024-12-15 16:56:09 error: Error parsing note file hola.txt: Unexpected token 'h', "holaaaaaaa"... is not valid JSON
2024-12-15 16:56:13 info: Note imported: hola.txt
2024-12-15 17:08:19 info: Server running on port 3036
2024-12-15 17:08:59 info: Note created: testNote3
2024-12-15 17:09:02 info: Note edited: testNote3
2024-12-15 17:09:06 info: Note deleted: testNote3
2024-12-15 17:09:08 error: Error parsing note file hola.txt: Unexpected token 'h', "holaaaaaaa"... is not valid JSON
2024-12-15 17:09:12 info: Note imported: hola.txt
2024-12-15 17:30:27 info: Server running on port 3035
2024-12-15 17:31:27 info: Note created: testNote3
2024-12-15 17:31:38 info: Note edited: testNote3
2024-12-15 17:31:54 info: Note deleted: testNote3
2024-12-15 17:32:11 error: Error parsing note file hola.txt: Unexpected token 'h', "holaaaaaaa"... is not valid JSON
2024-12-15 17:32:25 info: Note imported: hola.txt
2024-12-16 09:49:48 info: Server running on port 3035
2024-12-16 09:50:37 info: Note created: testNote3
2024-12-16 09:50:51 info: Note edited: testNote3
2024-12-16 09:51:05 error: Error parsing note file hola.txt: Unexpected token 'h', "holaaaaaaa"... is not valid JSON
2024-12-16 09:53:14 info: Note imported: TATOOS.txt
2024-12-16 12:10:01 info: Server running on port 3035
2024-12-16 12:10:26 info: Note created: testNote3
2024-12-16 12:10:37 info: Note edited: testNote3
2024-12-16 12:10:49 error: Error parsing note file hola.txt: Unexpected token 'h', "holaaaaaaa"... is not valid JSON
2024-12-16 12:10:49 error: Error parsing note file TATOOS.txt: Unexpected token 'T', "Tatoos Fut"... is not valid JSON
2024-12-16 12:11:26 info: Note imported: EC-Script.txt
2024-12-16 12:11:53 info: Note deleted: testNote3
2024-12-16 14:28:27 info: Server running on port 3035
2024-12-16 14:29:01 info: Note created: testNote3
2024-12-16 14:29:12 info: Note edited: testNote3
2024-12-16 14:29:36 error: Error parsing note file EC-Script.txt: Unexpected token 'h', "https://bl"... is not valid JSON
2024-12-16 14:29:36 error: Error parsing note file hola.txt: Unexpected token 'h', "holaaaaaaa"... is not valid JSON
2024-12-16 14:29:36 error: Error parsing note file TATOOS.txt: Unexpected token 'T', "Tatoos Fut"... is not valid JSON
2024-12-16 14:29:54 info: Note imported: EC-Script.txt
2024-12-16 14:30:23 info: Note deleted: testNote3
2024-12-16 14:32:01 info: Note created: testNote3
2024-12-16 14:32:04 info: Note edited: testNote3
2024-12-16 14:32:07 info: Note deleted: testNote3
2024-12-16 14:32:14 info: Note imported: EC-Script.txt
2024-12-16 14:32:27 info: Server running on port 3035
2024-12-16 14:32:49 info: Note created: testNote3
2024-12-16 14:33:00 info: Note edited: testNote3
2024-12-16 15:52:49 info: Server running on port 3035
2024-12-16 16:43:27 info: Server running on port 3035
2024-12-16 17:37:28 info: Server running on port 3035
2024-12-16 17:39:00 info: Note created: testNote3
2024-12-16 17:39:11 info: Note edited: testNote3
2024-12-16 17:39:24 info: Note deleted: testNote3
2024-12-16 17:39:33 error: Error parsing note file EC-Script.txt: Unexpected token 'h', "https://bl"... is not valid JSON
2024-12-16 17:39:46 info: Note imported: EC-Script.txt
2024-12-16 17:50:09 info: Server running on port 3035
