{"date":"Sat Dec 14 2024 10:34:41 GMT+0100 (hora estándar de Europa central)","error":{"address":"::","code":"EADDRINUSE","errno":-4091,"port":3000,"syscall":"listen"},"exception":true,"level":"error","message":"uncaughtException: listen EADDRINUSE: address already in use :::3000\nError: listen EADDRINUSE: address already in use :::3000\n    at Server.setupListenHandle [as _listen2] (node:net:1904:16)\n    at listenInCluster (node:net:1961:12)\n    at Server.listen (node:net:2063:7)\n    at Function.listen (C:\\Users\\sebas\\DAWES2\\notes-app\\node_modules\\express\\lib\\application.js:635:24)\n    at file:///C:/Users/sebas/DAWES2/notes-app/src/index.js:7:5\n    at ModuleJob.run (node:internal/modules/esm/module_job:234:25)\n    at async ModuleLoader.import (node:internal/modules/esm/loader:473:24)\n    at async asyncRunEntryPointWithESMLoader (node:internal/modules/run_main:123:5)","os":{"loadavg":[0,0,0],"uptime":829456},"process":{"argv":["C:\\Program Files\\nodejs\\node.exe","C:\\Users\\sebas\\DAWES2\\notes-app\\src\\index.js"],"cwd":"C:\\Users\\sebas\\DAWES2\\notes-app","execPath":"C:\\Program Files\\nodejs\\node.exe","gid":null,"memoryUsage":{"arrayBuffers":64538,"external":2380669,"heapTotal":18046976,"heapUsed":10324504,"rss":45133824},"pid":14264,"uid":null,"version":"v20.17.0"},"stack":"Error: listen EADDRINUSE: address already in use :::3000\n    at Server.setupListenHandle [as _listen2] (node:net:1904:16)\n    at listenInCluster (node:net:1961:12)\n    at Server.listen (node:net:2063:7)\n    at Function.listen (C:\\Users\\sebas\\DAWES2\\notes-app\\node_modules\\express\\lib\\application.js:635:24)\n    at file:///C:/Users/sebas/DAWES2/notes-app/src/index.js:7:5\n    at ModuleJob.run (node:internal/modules/esm/module_job:234:25)\n    at async ModuleLoader.import (node:internal/modules/esm/loader:473:24)\n    at async asyncRunEntryPointWithESMLoader (node:internal/modules/run_main:123:5)","timestamp":"2024-12-14T09:34:41.309Z","trace":[{"column":16,"file":"node:net","function":"Server.setupListenHandle [as _listen2]","line":1904,"method":"setupListenHandle [as _listen2]","native":false},{"column":12,"file":"node:net","function":"listenInCluster","line":1961,"method":null,"native":false},{"column":7,"file":"node:net","function":"Server.listen","line":2063,"method":"listen","native":false},{"column":24,"file":"C:\\Users\\sebas\\DAWES2\\notes-app\\node_modules\\express\\lib\\application.js","function":"Function.listen","line":635,"method":"listen","native":false},{"column":5,"file":"file:///C:/Users/sebas/DAWES2/notes-app/src/index.js","function":null,"line":7,"method":null,"native":false},{"column":25,"file":"node:internal/modules/esm/module_job","function":"ModuleJob.run","line":234,"method":"run","native":false},{"column":24,"file":"node:internal/modules/esm/loader","function":"async ModuleLoader.import","line":473,"method":"import","native":false},{"column":5,"file":"node:internal/modules/run_main","function":"async asyncRunEntryPointWithESMLoader","line":123,"method":null,"native":false}]}
2024-12-14 11:51:19 error: Test error message
2024-12-14 11:52:47 error: Test error message
2024-12-14 11:54:21 error: Test error message
2024-12-14 11:55:05 error: Test error message
2024-12-14 11:55:26 error: Test error message
2024-12-14 11:57:11 error: Test error message
2024-12-14 12:00:31 error: Test error message
2024-12-14 12:01:54 error: Test error message
2024-12-14 12:03:26 error: Test error message
2024-12-14 12:05:24 error: Test error message
2024-12-14 12:07:00 error: Test error message
2024-12-14 12:08:45 error: Test error message
2024-12-14 12:10:19 error: Test error message
2024-12-14 12:15:12 error: Test error message
2024-12-14 12:15:51 error: Test error message
2024-12-14 12:22:11 error: Test error message
2024-12-14 12:23:11 error: Test error message
2024-12-14 12:24:20 error: Test error message
2024-12-14 12:24:41 error: Test error message
2024-12-15 11:00:29 error: Test error message
2024-12-15 11:10:12 error: Test error message
2024-12-15 11:16:13 error: Test error message
2024-12-15 11:19:04 error: Test error message
2024-12-15 11:19:40 error: Test error message
2024-12-15 11:22:02 error: Test error message
2024-12-15 11:23:07 error: Test error message
2024-12-15 11:23:50 error: Test error message
2024-12-15 11:24:12 error: Test error message
2024-12-15 11:25:02 error: Test error message
2024-12-15 11:44:15 error: Test error message
2024-12-15 11:45:59 error: Test error message
2024-12-15 11:48:11 error: Test error message
2024-12-15 11:52:20 error: Test error message
2024-12-15 11:55:24 error: Test error message
2024-12-15 11:59:28 error: Test error message
2024-12-15 11:59:28 error: Error: Test error
    at Object.<anonymous> (C:\Users\sebas\DAWES2\notes-app\src\middlewares\errorHandlingMiddleware.test.js:5:21)
    at Promise.then.completed (C:\Users\sebas\DAWES2\notes-app\node_modules\jest-circus\build\utils.js:391:28)
    at new Promise (<anonymous>)
    at callAsyncCircusFn (C:\Users\sebas\DAWES2\notes-app\node_modules\jest-circus\build\utils.js:316:10)
    at _callCircusTest (C:\Users\sebas\DAWES2\notes-app\node_modules\jest-circus\build\run.js:218:40)
    at processTicksAndRejections (node:internal/process/task_queues:95:5)
    at _runTest (C:\Users\sebas\DAWES2\notes-app\node_modules\jest-circus\build\run.js:155:3)
    at _runTestsForDescribeBlock (C:\Users\sebas\DAWES2\notes-app\node_modules\jest-circus\build\run.js:66:9)
    at _runTestsForDescribeBlock (C:\Users\sebas\DAWES2\notes-app\node_modules\jest-circus\build\run.js:60:9)
    at run (C:\Users\sebas\DAWES2\notes-app\node_modules\jest-circus\build\run.js:25:3)
2024-12-15 11:59:28 error: Error processing undefined undefined: Custom error
2024-12-15 12:02:21 error: Test error message
2024-12-15 12:10:43 error: Test error message
2024-12-15 13:03:54 error: Test error message
2024-12-15 13:10:46 error: Error fetching notes: Unexpected token 'E', "El era un "... is not valid JSON
2024-12-15 13:10:46 error: Error processing GET /notes?page=1&limit=10&sortBy=title&filterBy=title&filterValue=testNote1: Error fetching notes
2024-12-15 13:11:08 error: Error fetching notes: Unexpected token 'E', "El era un "... is not valid JSON
2024-12-15 13:11:08 error: Error processing GET /notes?page=1&limit=10&sortBy=title&filterBy=title&filterValue=3ANILLO: Error fetching notes
2024-12-15 13:13:33 error: Error fetching notes: Unexpected token 'E', "El era un "... is not valid JSON
2024-12-15 13:13:33 error: Error processing GET /notes?page=1&limit=10&sortBy=title&filterBy=title&filterValue=3ANILLO: Error fetching notes
2024-12-15 13:17:14 error: Error fetching notes: Unexpected token 'E', "El era un "... is not valid JSON
2024-12-15 13:17:14 error: Error processing GET /notes?page=1&limit=10&sortBy=title&filterBy=title&filterValue=testNote1: Error fetching notes
2024-12-15 13:17:30 error: Error fetching notes: Unexpected token 'E', "El era un "... is not valid JSON
2024-12-15 13:17:30 error: Error processing GET /notes?page=1&limit=10&sortBy=title&filterBy=title&filterValue=testNote1: Error fetching notes
2024-12-15 13:17:41 error: Error fetching notes: Unexpected token 'E', "El era un "... is not valid JSON
2024-12-15 13:17:41 error: Error processing GET /notes?page=1&limit=10&sortBy=title&filterBy=title&filterValue=testNote1: Error fetching notes
2024-12-15 13:18:33 error: Test error message
2024-12-15 13:22:03 error: Test error message
2024-12-15 13:23:01 error: Test error message
2024-12-15 13:23:28 error: Test error message
2024-12-15 13:25:01 error: Test error message
2024-12-15 13:27:45 error: Test error message
2024-12-15 13:28:33 error: Test error message
2024-12-15 13:29:38 error: Test error message
2024-12-15 13:29:38 error: Error: Test error
    at Object.<anonymous> (C:\Users\sebas\DAWES2\notes-app\src\middlewares\errorHandlingMiddleware.test.js:5:21)
    at Promise.then.completed (C:\Users\sebas\DAWES2\notes-app\node_modules\jest-circus\build\utils.js:391:28)
    at new Promise (<anonymous>)
    at callAsyncCircusFn (C:\Users\sebas\DAWES2\notes-app\node_modules\jest-circus\build\utils.js:316:10)
    at _callCircusTest (C:\Users\sebas\DAWES2\notes-app\node_modules\jest-circus\build\run.js:218:40)
    at processTicksAndRejections (node:internal/process/task_queues:95:5)
    at _runTest (C:\Users\sebas\DAWES2\notes-app\node_modules\jest-circus\build\run.js:155:3)
    at _runTestsForDescribeBlock (C:\Users\sebas\DAWES2\notes-app\node_modules\jest-circus\build\run.js:66:9)
    at _runTestsForDescribeBlock (C:\Users\sebas\DAWES2\notes-app\node_modules\jest-circus\build\run.js:60:9)
    at run (C:\Users\sebas\DAWES2\notes-app\node_modules\jest-circus\build\run.js:25:3)
2024-12-15 13:29:38 error: Error processing undefined undefined: Custom error
2024-12-15 13:33:53 error: Test error message
2024-12-15 13:38:53 error: Test error message
2024-12-15 13:40:30 error: Test error message
2024-12-15 13:41:17 error: Test error message
2024-12-15 13:44:58 error: Test error message
2024-12-15 13:47:55 error: Test error message
2024-12-15 13:50:11 error: Test error message
2024-12-15 13:53:00 error: Test error message
2024-12-15 13:54:32 error: Test error message
2024-12-15 13:55:18 error: Test error message
2024-12-15 13:58:17 error: Test error message
2024-12-15 13:58:36 error: Test error message
2024-12-15 14:00:56 error: Test error message
2024-12-15 14:02:20 error: Test error message
2024-12-15 14:02:44 error: Test error message
2024-12-15 14:05:35 error: Test error message
2024-12-15 15:41:48 error: MulterError: Unexpected field
    at wrappedFileFilter (C:\Users\sebas\OneDrive\Escritorio\DAWES2\notes-app\node_modules\multer\index.js:40:19)
    at Multipart.<anonymous> (C:\Users\sebas\OneDrive\Escritorio\DAWES2\notes-app\node_modules\multer\lib\make-middleware.js:107:7)
    at Multipart.emit (node:events:519:28)
    at HeaderParser.cb (C:\Users\sebas\OneDrive\Escritorio\DAWES2\notes-app\node_modules\busboy\lib\types\multipart.js:358:14)
    at HeaderParser.push (C:\Users\sebas\OneDrive\Escritorio\DAWES2\notes-app\node_modules\busboy\lib\types\multipart.js:162:20)
    at SBMH.ssCb [as _cb] (C:\Users\sebas\OneDrive\Escritorio\DAWES2\notes-app\node_modules\busboy\lib\types\multipart.js:394:37)
    at feed (C:\Users\sebas\OneDrive\Escritorio\DAWES2\notes-app\node_modules\streamsearch\lib\sbmh.js:219:14)
    at SBMH.push (C:\Users\sebas\OneDrive\Escritorio\DAWES2\notes-app\node_modules\streamsearch\lib\sbmh.js:104:16)
    at Multipart._write (C:\Users\sebas\OneDrive\Escritorio\DAWES2\notes-app\node_modules\busboy\lib\types\multipart.js:567:19)
    at writeOrBuffer (node:internal/streams/writable:570:12)
2024-12-15 15:42:04 error: MulterError: Unexpected field
    at wrappedFileFilter (C:\Users\sebas\OneDrive\Escritorio\DAWES2\notes-app\node_modules\multer\index.js:40:19)
    at Multipart.<anonymous> (C:\Users\sebas\OneDrive\Escritorio\DAWES2\notes-app\node_modules\multer\lib\make-middleware.js:107:7)
    at Multipart.emit (node:events:519:28)
    at HeaderParser.cb (C:\Users\sebas\OneDrive\Escritorio\DAWES2\notes-app\node_modules\busboy\lib\types\multipart.js:358:14)
    at HeaderParser.push (C:\Users\sebas\OneDrive\Escritorio\DAWES2\notes-app\node_modules\busboy\lib\types\multipart.js:162:20)
    at SBMH.ssCb [as _cb] (C:\Users\sebas\OneDrive\Escritorio\DAWES2\notes-app\node_modules\busboy\lib\types\multipart.js:394:37)
    at feed (C:\Users\sebas\OneDrive\Escritorio\DAWES2\notes-app\node_modules\streamsearch\lib\sbmh.js:248:10)
    at SBMH.push (C:\Users\sebas\OneDrive\Escritorio\DAWES2\notes-app\node_modules\streamsearch\lib\sbmh.js:104:16)
    at Multipart._write (C:\Users\sebas\OneDrive\Escritorio\DAWES2\notes-app\node_modules\busboy\lib\types\multipart.js:567:19)
    at writeOrBuffer (node:internal/streams/writable:570:12)
2024-12-15 15:48:45 error: Error exporting notes: res.zip is not a function
2024-12-15 15:48:45 error: Error processing GET /notes/export?title=hola: Error exporting notes
2024-12-15 15:49:25 error: Error exporting notes: res.zip is not a function
2024-12-15 15:49:25 error: Error processing GET /notes/export?title=testNote: Error exporting notes
2024-12-15 15:49:30 error: Error exporting notes: res.zip is not a function
2024-12-15 15:49:30 error: Error processing GET /notes/export?title=testNote1: Error exporting notes
2024-12-15 15:52:51 error: Error exporting notes: res.zip is not a function
2024-12-15 15:52:51 error: Error processing GET /notes/export: Error exporting notes
2024-12-15 15:54:31 error: Error exporting notes: res.zip is not a function
2024-12-15 15:54:31 error: Error processing GET /notes/export: Error exporting notes
2024-12-15 16:07:52 error: Test error message
2024-12-15 16:10:02 error: Test error message
2024-12-15 16:10:29 error: Test error message
2024-12-15 16:12:00 error: Error parsing note file hola.txt: Unexpected token 'h', "holaaaaaaa"... is not valid JSON
2024-12-15 16:27:57 error: Error parsing note file hola.txt: Unexpected token 'h', "holaaaaaaa"... is not valid JSON
2024-12-15 16:29:23 error: Error parsing note file hola.txt: Unexpected token 'h', "holaaaaaaa"... is not valid JSON
2024-12-15 16:38:29 error: Error parsing note file hola.txt: Unexpected token 'h', "holaaaaaaa"... is not valid JSON
2024-12-15 16:56:09 error: Error parsing note file hola.txt: Unexpected token 'h', "holaaaaaaa"... is not valid JSON
2024-12-15 17:09:08 error: Error parsing note file hola.txt: Unexpected token 'h', "holaaaaaaa"... is not valid JSON
2024-12-15 17:32:11 error: Error parsing note file hola.txt: Unexpected token 'h', "holaaaaaaa"... is not valid JSON
2024-12-16 09:51:05 error: Error parsing note file hola.txt: Unexpected token 'h', "holaaaaaaa"... is not valid JSON
2024-12-16 12:10:49 error: Error parsing note file hola.txt: Unexpected token 'h', "holaaaaaaa"... is not valid JSON
2024-12-16 12:10:49 error: Error parsing note file TATOOS.txt: Unexpected token 'T', "Tatoos Fut"... is not valid JSON
2024-12-16 14:29:36 error: Error parsing note file EC-Script.txt: Unexpected token 'h', "https://bl"... is not valid JSON
2024-12-16 14:29:36 error: Error parsing note file hola.txt: Unexpected token 'h', "holaaaaaaa"... is not valid JSON
2024-12-16 14:29:36 error: Error parsing note file TATOOS.txt: Unexpected token 'T', "Tatoos Fut"... is not valid JSON
2024-12-16 17:39:33 error: Error parsing note file EC-Script.txt: Unexpected token 'h', "https://bl"... is not valid JSON
2024-12-16 20:49:44 error: ReferenceError: jest is not defined
    at file:///C:/Users/sebas/OneDrive/Escritorio/DAWES/23-api-documentation/notes-app/test/e2e/notesController.test.js:9:1
    at ModuleJob.run (node:internal/modules/esm/module_job:234:25)
    at async ModuleLoader.import (node:internal/modules/esm/loader:473:24)
    at async asyncRunEntryPointWithESMLoader (node:internal/modules/run_main:123:5)
2024-12-17 10:36:11 error: Test error message
2024-12-17 10:39:41 error: Test error message
2024-12-17 10:42:49 error: Test error message
2024-12-17 10:46:27 error: Test error message
2024-12-17 10:46:52 error: Test error message
2024-12-17 10:47:45 error: Test error message
2024-12-17 10:48:30 error: Test error message
2024-12-17 10:49:10 error: Test error message
2024-12-17 10:53:43 error: Test error message
2024-12-17 10:54:46 error: Test error message
2024-12-17 10:55:41 error: Test error message
2024-12-17 11:01:24 error: Test error message
2024-12-17 11:04:10 error: Test error message
2024-12-17 11:04:42 error: Test error message
2024-12-17 11:10:38 error: Test error message
2024-12-17 11:14:46 error: Test error message
2024-12-17 11:15:08 error: Test error message
2024-12-17 11:21:51 error: Test error message
2024-12-17 11:22:11 error: Test error message
2024-12-17 11:25:27 error: Test error message
2024-12-17 11:26:33 error: Test error message
2024-12-17 11:27:54 error: Test error message
2024-12-17 11:28:46 error: Test error message
2024-12-17 11:29:57 error: Test error message
2024-12-17 11:34:24 error: Test error message
2024-12-17 11:35:31 error: Test error message
2024-12-17 11:37:13 error: Test error message
2024-12-17 11:45:34 error: Test error message
2024-12-17 11:46:05 error: Test error message
2024-12-17 11:47:10 error: Test error message
2024-12-17 11:49:14 error: Test error message
2024-12-17 11:52:36 error: Test error message
2024-12-17 11:56:37 error: Test error message
2024-12-17 12:01:47 error: Test error message
2024-12-17 12:02:08 error: Test error message
2024-12-17 12:03:14 error: Test error message
2024-12-17 12:04:13 error: Test error message
2024-12-17 12:05:57 error: Test error message
2024-12-17 12:08:53 error: Test error message
2024-12-17 12:11:46 error: Test error message
2024-12-17 12:16:37 error: Test error message
2024-12-17 12:19:13 error: Test error message
2024-12-17 12:23:25 error: Test error message
2024-12-17 12:31:20 error: Test error message
2024-12-17 12:34:30 error: Test error message
2024-12-17 12:36:33 error: Test error message
2024-12-17 12:37:10 error: Test error message
2024-12-17 12:37:34 error: Test error message
2024-12-17 12:38:32 error: Test error message
2024-12-17 12:39:08 error: Test error message
2024-12-17 12:41:44 error: Test error message
2024-12-17 12:44:41 error: Test error message
2024-12-17 12:48:08 error: Test error message
2024-12-17 12:48:26 error: Test error message
2024-12-17 12:48:51 error: Test error message
2024-12-17 12:49:09 error: Test error message
2024-12-17 12:52:07 error: Test error message
2024-12-17 12:56:11 error: Test error message
2024-12-17 12:58:06 error: Test error message
2024-12-17 12:59:39 error: Test error message
2024-12-17 13:05:19 error: Test error message
2024-12-17 15:42:03 error: Test error message
2024-12-17 15:42:41 error: Test error message
2024-12-17 15:43:07 error: Test error message
2024-12-17 15:43:26 error: Test error message
2024-12-17 15:46:31 error: Test error message
2024-12-17 15:49:45 error: Test error message
2024-12-17 15:54:40 error: Test error message
2024-12-17 15:57:15 error: Test error message
2024-12-17 16:05:01 error: Test error message
2024-12-17 16:06:03 error: Test error message
2024-12-17 16:10:21 error: Test error message
2024-12-17 16:11:14 error: Test error message
2024-12-17 16:16:08 error: Test error message
2024-12-17 16:19:25 error: Test error message
2024-12-17 16:22:25 error: Test error message
2024-12-17 17:01:16 error: Error parsing note file EC-Script.txt: Unexpected token 'h', "https://bl"... is not valid JSON
2024-12-17 17:20:40 error: Error: listen EADDRINUSE: address already in use :::3035
    at Server.setupListenHandle [as _listen2] (node:net:1904:16)
    at listenInCluster (node:net:1961:12)
    at Server.listen (node:net:2063:7)
    at Function.listen (C:\Users\sebas\OneDrive\Escritorio\DAWES\23-api-documentation\notes-app\node_modules\express\lib\application.js:635:24)
    at file:///C:/Users/sebas/OneDrive/Escritorio/DAWES/23-api-documentation/notes-app/src/index.js:42:5
    at ModuleJob.run (node:internal/modules/esm/module_job:234:25)
    at async ModuleLoader.import (node:internal/modules/esm/loader:473:24)
    at async asyncRunEntryPointWithESMLoader (node:internal/modules/run_main:123:5)
2024-12-17 17:38:34 error: Error parsing note file EC-Script.txt: Unexpected token 'h', "https://bl"... is not valid JSON
2024-12-17 17:38:34 error: Error parsing note file hola.txt: Unexpected token 'h', "holaaaaaaa"... is not valid JSON
2024-12-17 17:38:50 error: Error parsing note file EC-Script.txt: Unexpected token 'h', "https://bl"... is not valid JSON
2024-12-17 17:38:50 error: Error parsing note file hola.txt: Unexpected token 'h', "holaaaaaaa"... is not valid JSON
2024-12-17 17:46:08 error: Error parsing note file EC-Script.txt: Unexpected token 'h', "https://bl"... is not valid JSON
2024-12-17 17:46:08 error: Error parsing note file hola.txt: Unexpected token 'h', "holaaaaaaa"... is not valid JSON
2024-12-17 19:02:36 error: Error parsing note file EC-Script.txt: Unexpected token 'h', "https://bl"... is not valid JSON
2024-12-17 19:02:36 error: Error parsing note file hola.txt: Unexpected token 'h', "holaaaaaaa"... is not valid JSON
2024-12-17 19:03:33 error: Error parsing note file EC-Script.txt: Unexpected token 'h', "https://bl"... is not valid JSON
2024-12-17 19:03:33 error: Error parsing note file hola.txt: Unexpected token 'h', "holaaaaaaa"... is not valid JSON
2024-12-17 19:03:56 error: Error: Multipart: Boundary not found
    at new Multipart (C:\Users\sebas\OneDrive\Escritorio\DAWES\23-api-documentation\notes-app\node_modules\busboy\lib\types\multipart.js:233:13)
    at getInstance (C:\Users\sebas\OneDrive\Escritorio\DAWES\23-api-documentation\notes-app\node_modules\busboy\lib\index.js:33:12)
    at module.exports (C:\Users\sebas\OneDrive\Escritorio\DAWES\23-api-documentation\notes-app\node_modules\busboy\lib\index.js:56:10)
    at multerMiddleware (C:\Users\sebas\OneDrive\Escritorio\DAWES\23-api-documentation\notes-app\node_modules\multer\lib\make-middleware.js:28:16)
    at Layer.handle [as handle_request] (C:\Users\sebas\OneDrive\Escritorio\DAWES\23-api-documentation\notes-app\node_modules\express\lib\router\layer.js:95:5)
    at next (C:\Users\sebas\OneDrive\Escritorio\DAWES\23-api-documentation\notes-app\node_modules\express\lib\router\route.js:149:13)
    at Route.dispatch (C:\Users\sebas\OneDrive\Escritorio\DAWES\23-api-documentation\notes-app\node_modules\express\lib\router\route.js:119:3)
    at Layer.handle [as handle_request] (C:\Users\sebas\OneDrive\Escritorio\DAWES\23-api-documentation\notes-app\node_modules\express\lib\router\layer.js:95:5)
    at C:\Users\sebas\OneDrive\Escritorio\DAWES\23-api-documentation\notes-app\node_modules\express\lib\router\index.js:284:15
    at Function.process_params (C:\Users\sebas\OneDrive\Escritorio\DAWES\23-api-documentation\notes-app\node_modules\express\lib\router\index.js:346:12)
2024-12-17 19:06:30 error: Error: Multipart: Boundary not found
    at new Multipart (C:\Users\sebas\OneDrive\Escritorio\DAWES\23-api-documentation\notes-app\node_modules\busboy\lib\types\multipart.js:233:13)
    at getInstance (C:\Users\sebas\OneDrive\Escritorio\DAWES\23-api-documentation\notes-app\node_modules\busboy\lib\index.js:33:12)
    at module.exports (C:\Users\sebas\OneDrive\Escritorio\DAWES\23-api-documentation\notes-app\node_modules\busboy\lib\index.js:56:10)
    at multerMiddleware (C:\Users\sebas\OneDrive\Escritorio\DAWES\23-api-documentation\notes-app\node_modules\multer\lib\make-middleware.js:28:16)
    at Layer.handle [as handle_request] (C:\Users\sebas\OneDrive\Escritorio\DAWES\23-api-documentation\notes-app\node_modules\express\lib\router\layer.js:95:5)
    at next (C:\Users\sebas\OneDrive\Escritorio\DAWES\23-api-documentation\notes-app\node_modules\express\lib\router\route.js:149:13)
    at Route.dispatch (C:\Users\sebas\OneDrive\Escritorio\DAWES\23-api-documentation\notes-app\node_modules\express\lib\router\route.js:119:3)
    at Layer.handle [as handle_request] (C:\Users\sebas\OneDrive\Escritorio\DAWES\23-api-documentation\notes-app\node_modules\express\lib\router\layer.js:95:5)
    at C:\Users\sebas\OneDrive\Escritorio\DAWES\23-api-documentation\notes-app\node_modules\express\lib\router\index.js:284:15
    at Function.process_params (C:\Users\sebas\OneDrive\Escritorio\DAWES\23-api-documentation\notes-app\node_modules\express\lib\router\index.js:346:12)
2024-12-17 19:07:09 error: Error: Multipart: Boundary not found
    at new Multipart (C:\Users\sebas\OneDrive\Escritorio\DAWES\23-api-documentation\notes-app\node_modules\busboy\lib\types\multipart.js:233:13)
    at getInstance (C:\Users\sebas\OneDrive\Escritorio\DAWES\23-api-documentation\notes-app\node_modules\busboy\lib\index.js:33:12)
    at module.exports (C:\Users\sebas\OneDrive\Escritorio\DAWES\23-api-documentation\notes-app\node_modules\busboy\lib\index.js:56:10)
    at multerMiddleware (C:\Users\sebas\OneDrive\Escritorio\DAWES\23-api-documentation\notes-app\node_modules\multer\lib\make-middleware.js:28:16)
    at Layer.handle [as handle_request] (C:\Users\sebas\OneDrive\Escritorio\DAWES\23-api-documentation\notes-app\node_modules\express\lib\router\layer.js:95:5)
    at next (C:\Users\sebas\OneDrive\Escritorio\DAWES\23-api-documentation\notes-app\node_modules\express\lib\router\route.js:149:13)
    at Route.dispatch (C:\Users\sebas\OneDrive\Escritorio\DAWES\23-api-documentation\notes-app\node_modules\express\lib\router\route.js:119:3)
    at Layer.handle [as handle_request] (C:\Users\sebas\OneDrive\Escritorio\DAWES\23-api-documentation\notes-app\node_modules\express\lib\router\layer.js:95:5)
    at C:\Users\sebas\OneDrive\Escritorio\DAWES\23-api-documentation\notes-app\node_modules\express\lib\router\index.js:284:15
    at Function.process_params (C:\Users\sebas\OneDrive\Escritorio\DAWES\23-api-documentation\notes-app\node_modules\express\lib\router\index.js:346:12)
2024-12-17 19:11:26 error: Error parsing note file EC-Script.txt: Unexpected token 'h', "https://bl"... is not valid JSON
2024-12-17 19:11:26 error: Error parsing note file hola.txt: Unexpected token 'h', "holaaaaaaa"... is not valid JSON
2024-12-17 19:11:26 error: Error parsing note file TATOOS.txt: Unexpected token 'T', "Tatoos Fut"... is not valid JSON
